e:\chatserver\client\client\binobj\vc143.pdb
e:\chatserver\client\client\binobj\vc143.idb
e:\chatserver\client\client\binobj\imguitreenode.obj
e:\chatserver\client\client\binobj\imguitextinput.obj
e:\chatserver\client\client\binobj\imguitext.obj
e:\chatserver\client\client\binobj\imguiseparator.obj
e:\chatserver\client\client\binobj\imguisameline.obj
e:\chatserver\client\client\binobj\imguiradio.obj
e:\chatserver\client\client\binobj\imguimenubar.obj
e:\chatserver\client\client\binobj\imguimanager.obj
e:\chatserver\client\client\binobj\imguilistbox.obj
e:\chatserver\client\client\binobj\imguilabel.obj
e:\chatserver\client\client\binobj\imguigroup.obj
e:\chatserver\client\client\binobj\imguicombobox.obj
e:\chatserver\client\client\binobj\imguicheckbox.obj
e:\chatserver\client\client\binobj\imguibutton.obj
e:\chatserver\client\client\binobj\imgui.obj
e:\chatserver\client\client\binobj\engine.obj
e:\chatserver\client\client\binobj\device.obj
e:\chatserver\client\client\binobj\clientinfo.obj
e:\chatserver\client\client\binobj\chatwindow.obj
e:\chatserver\client\client\binobj\chatmanager.obj
e:\chatserver\client\client\binobj\vector2.obj
e:\chatserver\client\client\binobj\timer.obj
e:\chatserver\client\client\binobj\pathmanager.obj
e:\chatserver\client\client\binobj\main.obj
e:\chatserver\client\client\binobj\imgui_widgets.obj
e:\chatserver\client\client\binobj\imgui_tables.obj
e:\chatserver\client\client\binobj\imgui_impl_win32.obj
e:\chatserver\client\client\binobj\imgui_impl_dx11.obj
e:\chatserver\client\client\binobj\imgui_draw.obj
e:\chatserver\client\client\binobj\imgui_demo.obj
e:\chatserver\client\client\binobj\imguiwindow.obj
e:\chatserver\client\client\binobj\imguiwidget.obj
e:\chatserver\client\client\bin\client_debug.exe
e:\chatserver\client\client\binobj\client_debug.ilk
e:\chatserver\client\client\bin\client_debug.pdb
e:\chatserver\client\client\binobj\client.res
e:\chatserver\client\client\binobj\../bin/client_debug.pdb
e:\chatserver\client\client\binobj\../binobj/client.vcxproj.filelistabsolute.txt
e:\chatserver\client\client\binobj\client.tlog\cl.command.1.tlog
e:\chatserver\client\client\binobj\client.tlog\cl.items.tlog
e:\chatserver\client\client\binobj\client.tlog\cl.read.1.tlog
e:\chatserver\client\client\binobj\client.tlog\cl.write.1.tlog
e:\chatserver\client\client\binobj\client.tlog\link.command.1.tlog
e:\chatserver\client\client\binobj\client.tlog\link.read.1.tlog
e:\chatserver\client\client\binobj\client.tlog\link.write.1.tlog
e:\chatserver\client\client\binobj\client.tlog\rc.command.1.tlog
e:\chatserver\client\client\binobj\client.tlog\rc.read.1.tlog
e:\chatserver\client\client\binobj\client.tlog\rc.write.1.tlog
