e:\chatserver\client\client\x64\debug\vc143.pdb
e:\chatserver\client\client\x64\debug\vc143.idb
e:\chatserver\client\client\x64\debug\clientinfo.obj
e:\chatserver\client\client\x64\debug\main.obj
e:\chatserver\client\client\x64\debug\imgui_widgets.obj
e:\chatserver\client\client\x64\debug\imgui_tables.obj
e:\chatserver\client\client\x64\debug\imgui_impl_dx11.obj
e:\chatserver\client\client\x64\debug\imgui_draw.obj
e:\chatserver\client\client\x64\debug\imgui_demo.obj
e:\chatserver\client\client\x64\debug\imgui.obj
e:\chatserver\client\client\x64\debug\imgui_impl_win32.obj
e:\chatserver\client\x64\debug\client.pdb
e:\chatserver\client\client\x64\debug\client.tlog\cl.command.1.tlog
e:\chatserver\client\client\x64\debug\client.tlog\cl.read.1.tlog
e:\chatserver\client\client\x64\debug\client.tlog\cl.write.1.tlog
e:\chatserver\client\client\x64\debug\client.tlog\link-cvtres.read.1.tlog
e:\chatserver\client\client\x64\debug\client.tlog\link-cvtres.write.1.tlog
e:\chatserver\client\client\x64\debug\client.tlog\link-rc.read.1.tlog
e:\chatserver\client\client\x64\debug\client.tlog\link-rc.write.1.tlog
e:\chatserver\client\client\x64\debug\client.tlog\link.command.1.tlog
e:\chatserver\client\client\x64\debug\client.tlog\link.read.1.tlog
e:\chatserver\client\client\x64\debug\client.tlog\link.read.2.tlog
e:\chatserver\client\client\x64\debug\client.tlog\link.read.3.tlog
e:\chatserver\client\client\x64\debug\client.tlog\link.read.4.tlog
e:\chatserver\client\client\x64\debug\client.tlog\link.read.5.tlog
e:\chatserver\client\client\x64\debug\client.tlog\link.write.1.tlog
